<?xml version="1.0" encoding="UTF-8"?>
<!-- Generated by org.testng.reporters.JUnitReportReporter -->
<testsuite hostname="DESKTOP-OREO5NF" failures="0" tests="1" name="LoginTest" time="3.670" errors="0" timestamp="2022-06-08T14:50:56 MSK" skipped="0">
  <testcase classname="LoginTest" name="test" time="3.670"/>
  <system-out/>
</testsuite> <!-- LoginTest -->
